{"/home/yusril/Documents/javascript/Node/Programer Jaman Now/Unit Test/belajar-unit-test/src/async.js": {"path":"/home/yusril/Documents/javascript/Node/Programer Jaman Now/Unit Test/belajar-unit-test/src/async.js","statementMap":{"0":{"start":{"line":1,"column":29},"end":{"line":8,"column":1}},"1":{"start":{"line":2,"column":1},"end":{"line":7,"column":4}},"2":{"start":{"line":3,"column":2},"end":{"line":6,"column":4}},"3":{"start":{"line":4,"column":9},"end":{"line":4,"column":68}}},"fnMap":{"0":{"name":"(anonymous_0)","decl":{"start":{"line":1,"column":29},"end":{"line":1,"column":30}},"loc":{"start":{"line":1,"column":39},"end":{"line":8,"column":1}},"line":1},"1":{"name":"(anonymous_1)","decl":{"start":{"line":2,"column":20},"end":{"line":2,"column":21}},"loc":{"start":{"line":2,"column":41},"end":{"line":7,"column":2}},"line":2},"2":{"name":"(anonymous_2)","decl":{"start":{"line":4,"column":3},"end":{"line":4,"column":4}},"loc":{"start":{"line":4,"column":9},"end":{"line":4,"column":68}},"line":4}},"branchMap":{"0":{"loc":{"start":{"line":4,"column":10},"end":{"line":4,"column":67}},"type":"cond-expr","locations":[{"start":{"line":4,"column":17},"end":{"line":4,"column":41}},{"start":{"line":4,"column":44},"end":{"line":4,"column":67}}],"line":4}},"s":{"0":0,"1":0,"2":0,"3":0},"f":{"0":0,"1":0,"2":0},"b":{"0":[0,0]}}
,"/home/yusril/Documents/javascript/Node/Programer Jaman Now/Unit Test/belajar-unit-test/src/exception.js": {"path":"/home/yusril/Documents/javascript/Node/Programer Jaman Now/Unit Test/belajar-unit-test/src/exception.js","statementMap":{"0":{"start":{"line":3,"column":22},"end":{"line":9,"column":1}},"1":{"start":{"line":4,"column":1},"end":{"line":8,"column":2}},"2":{"start":{"line":5,"column":2},"end":{"line":5,"column":52}},"3":{"start":{"line":7,"column":2},"end":{"line":7,"column":14}}},"fnMap":{"0":{"name":"(anonymous_0)","decl":{"start":{"line":3,"column":22},"end":{"line":3,"column":23}},"loc":{"start":{"line":3,"column":32},"end":{"line":9,"column":1}},"line":3}},"branchMap":{"0":{"loc":{"start":{"line":4,"column":1},"end":{"line":8,"column":2}},"type":"if","locations":[{"start":{"line":4,"column":1},"end":{"line":8,"column":2}},{"start":{"line":6,"column":8},"end":{"line":8,"column":2}}],"line":4}},"s":{"0":0,"1":0,"2":0,"3":0},"f":{"0":0},"b":{"0":[0,0]}}
,"/home/yusril/Documents/javascript/Node/Programer Jaman Now/Unit Test/belajar-unit-test/src/sum.js": {"path":"/home/yusril/Documents/javascript/Node/Programer Jaman Now/Unit Test/belajar-unit-test/src/sum.js","statementMap":{"0":{"start":{"line":6,"column":19},"end":{"line":6,"column":52}},"1":{"start":{"line":6,"column":38},"end":{"line":6,"column":52}},"2":{"start":{"line":12,"column":22},"end":{"line":14,"column":1}},"3":{"start":{"line":13,"column":1},"end":{"line":13,"column":65}},"4":{"start":{"line":13,"column":45},"end":{"line":13,"column":62}}},"fnMap":{"0":{"name":"(anonymous_0)","decl":{"start":{"line":6,"column":19},"end":{"line":6,"column":20}},"loc":{"start":{"line":6,"column":38},"end":{"line":6,"column":52}},"line":6},"1":{"name":"(anonymous_1)","decl":{"start":{"line":12,"column":22},"end":{"line":12,"column":23}},"loc":{"start":{"line":12,"column":35},"end":{"line":14,"column":1}},"line":12},"2":{"name":"(anonymous_2)","decl":{"start":{"line":13,"column":23},"end":{"line":13,"column":24}},"loc":{"start":{"line":13,"column":45},"end":{"line":13,"column":62}},"line":13}},"branchMap":{},"s":{"0":0,"1":0,"2":0,"3":0,"4":0},"f":{"0":0,"1":0,"2":0},"b":{}}
}
